<?xml version="1.0" encoding="UTF-8"?>
<testng-results ignored="0" total="1" passed="1" failed="0" skipped="0">
  <reporter-output>
  </reporter-output>
  <suite started-at="2025-02-23T11:12:28 IST" name="Default suite" finished-at="2025-02-23T11:12:34 IST" duration-ms="6149">
    <groups>
    </groups>
    <test started-at="2025-02-23T11:12:28 IST" name="Default test" finished-at="2025-02-23T11:12:34 IST" duration-ms="6149">
      <class name="testscripts.DashboardTest">
        <test-method is-config="true" signature="setup()[pri:0, instance:testscripts.DashboardTest@3f6b0be5]" started-at="2025-02-23T11:12:28 IST" name="setup" finished-at="2025-02-23T11:12:33 IST" duration-ms="4632" status="PASS">
          <reporter-output>
          </reporter-output>
        </test-method> <!-- setup -->
        <test-method signature="verifyDashboardPage()[pri:0, instance:testscripts.DashboardTest@3f6b0be5]" started-at="2025-02-23T11:12:33 IST" name="verifyDashboardPage" finished-at="2025-02-23T11:12:34 IST" duration-ms="1413" status="PASS">
          <reporter-output>
          </reporter-output>
        </test-method> <!-- verifyDashboardPage -->
        <test-method is-config="true" signature="teardown()[pri:0, instance:testscripts.DashboardTest@3f6b0be5]" started-at="2025-02-23T11:12:34 IST" name="teardown" finished-at="2025-02-23T11:12:34 IST" duration-ms="93" status="PASS">
          <reporter-output>
          </reporter-output>
        </test-method> <!-- teardown -->
      </class> <!-- testscripts.DashboardTest -->
    </test> <!-- Default test -->
  </suite> <!-- Default suite -->
</testng-results>
